[2022-01-26 21:19:51] staging.ERROR: Argument 1 passed to Symfony\Component\VarDumper\Server\Connection::__construct() must be of the type string, null given, called in /home/propltqo/public_html/ai_solutions/vendor/beyondcode/laravel-dump-server/src/DumpServerServiceProvider.php on line 49 {"exception":"[object] (TypeError(code: 0): Argument 1 passed to Symfony\\Component\\VarDumper\\Server\\Connection::__construct() must be of the type string, null given, called in /home/propltqo/public_html/ai_solutions/vendor/beyondcode/laravel-dump-server/src/DumpServerServiceProvider.php on line 49 at /home/propltqo/public_html/ai_solutions/vendor/symfony/var-dumper/Server/Connection.php:32)
[stacktrace]
#0 /home/propltqo/public_html/ai_solutions/vendor/beyondcode/laravel-dump-server/src/DumpServerServiceProvider.php(49): Symfony\\Component\\VarDumper\\Server\\Connection->__construct(NULL, Array)
#1 /home/propltqo/public_html/ai_solutions/vendor/laravel/framework/src/Illuminate/Foundation/Application.php(672): BeyondCode\\DumpServer\\DumpServerServiceProvider->register()
#2 /home/propltqo/public_html/ai_solutions/vendor/laravel/framework/src/Illuminate/Foundation/ProviderRepository.php(75): Illuminate\\Foundation\\Application->register(Object(BeyondCode\\DumpServer\\DumpServerServiceProvider))
#3 /home/propltqo/public_html/ai_solutions/vendor/laravel/framework/src/Illuminate/Foundation/Application.php(649): Illuminate\\Foundation\\ProviderRepository->load(Array)
#4 /home/propltqo/public_html/ai_solutions/vendor/laravel/framework/src/Illuminate/Foundation/Bootstrap/RegisterProviders.php(17): Illuminate\\Foundation\\Application->registerConfiguredProviders()
#5 /home/propltqo/public_html/ai_solutions/vendor/laravel/framework/src/Illuminate/Foundation/Application.php(237): Illuminate\\Foundation\\Bootstrap\\RegisterProviders->bootstrap(Object(Illuminate\\Foundation\\Application))
#6 /home/propltqo/public_html/ai_solutions/vendor/laravel/framework/src/Illuminate/Foundation/Console/Kernel.php(310): Illuminate\\Foundation\\Application->bootstrapWith(Array)
#7 /home/propltqo/public_html/ai_solutions/vendor/laravel/framework/src/Illuminate/Foundation/Console/ConfigCacheCommand.php(88): Illuminate\\Foundation\\Console\\Kernel->bootstrap()
#8 /home/propltqo/public_html/ai_solutions/vendor/laravel/framework/src/Illuminate/Foundation/Console/ConfigCacheCommand.php(58): Illuminate\\Foundation\\Console\\ConfigCacheCommand->getFreshConfiguration()
#9 /home/propltqo/public_html/ai_solutions/vendor/laravel/framework/src/Illuminate/Container/BoundMethod.php(36): Illuminate\\Foundation\\Console\\ConfigCacheCommand->handle()
#10 /home/propltqo/public_html/ai_solutions/vendor/laravel/framework/src/Illuminate/Container/Util.php(40): Illuminate\\Container\\BoundMethod::Illuminate\\Container\\{closure}()
#11 /home/propltqo/public_html/ai_solutions/vendor/laravel/framework/src/Illuminate/Container/BoundMethod.php(93): Illuminate\\Container\\Util::unwrapIfClosure(Object(Closure))
#12 /home/propltqo/public_html/ai_solutions/vendor/laravel/framework/src/Illuminate/Container/BoundMethod.php(37): Illuminate\\Container\\BoundMethod::callBoundMethod(Object(Illuminate\\Foundation\\Application), Array, Object(Closure))
#13 /home/propltqo/public_html/ai_solutions/vendor/laravel/framework/src/Illuminate/Container/Container.php(610): Illuminate\\Container\\BoundMethod::call(Object(Illuminate\\Foundation\\Application), Array, Array, NULL)
#14 /home/propltqo/public_html/ai_solutions/vendor/laravel/framework/src/Illuminate/Console/Command.php(136): Illuminate\\Container\\Container->call(Array)
#15 /home/propltqo/public_html/ai_solutions/vendor/symfony/console/Command/Command.php(256): Illuminate\\Console\\Command->execute(Object(Symfony\\Component\\Console\\Input\\StringInput), Object(Illuminate\\Console\\OutputStyle))
#16 /home/propltqo/public_html/ai_solutions/vendor/laravel/framework/src/Illuminate/Console/Command.php(121): Symfony\\Component\\Console\\Command\\Command->run(Object(Symfony\\Component\\Console\\Input\\StringInput), Object(Illuminate\\Console\\OutputStyle))
#17 /home/propltqo/public_html/ai_solutions/vendor/symfony/console/Application.php(971): Illuminate\\Console\\Command->run(Object(Symfony\\Component\\Console\\Input\\StringInput), Object(Symfony\\Component\\Console\\Output\\BufferedOutput))
#18 /home/propltqo/public_html/ai_solutions/vendor/symfony/console/Application.php(290): Symfony\\Component\\Console\\Application->doRunCommand(Object(Illuminate\\Foundation\\Console\\ConfigCacheCommand), Object(Symfony\\Component\\Console\\Input\\StringInput), Object(Symfony\\Component\\Console\\Output\\BufferedOutput))
#19 /home/propltqo/public_html/ai_solutions/vendor/symfony/console/Application.php(166): Symfony\\Component\\Console\\Application->doRun(Object(Symfony\\Component\\Console\\Input\\StringInput), Object(Symfony\\Component\\Console\\Output\\BufferedOutput))
#20 /home/propltqo/public_html/ai_solutions/vendor/laravel/framework/src/Illuminate/Console/Application.php(92): Symfony\\Component\\Console\\Application->run(Object(Symfony\\Component\\Console\\Input\\StringInput), Object(Symfony\\Component\\Console\\Output\\BufferedOutput))
#21 /home/propltqo/public_html/ai_solutions/vendor/laravel/framework/src/Illuminate/Console/Application.php(184): Illuminate\\Console\\Application->run(Object(Symfony\\Component\\Console\\Input\\StringInput), Object(Symfony\\Component\\Console\\Output\\BufferedOutput))
#22 /home/propltqo/public_html/ai_solutions/vendor/laravel/framework/src/Illuminate/Foundation/Console/Kernel.php(263): Illuminate\\Console\\Application->call('config:cache', Array, NULL)
#23 /home/propltqo/public_html/ai_solutions/vendor/laravel/framework/src/Illuminate/Support/Facades/Facade.php(261): Illuminate\\Foundation\\Console\\Kernel->call('config:cache')
#24 /home/propltqo/public_html/ai_solutions/public/index.php(70): Illuminate\\Support\\Facades\\Facade::__callStatic('call', Array)
#25 {main}
"} 
