[2022-01-05 15:49:26] staging.ERROR: Argument 1 passed to Symfony\Component\VarDumper\Server\Connection::__construct() must be of the type string, null given, called in /home/propltqo/public_html/ai_solutions/vendor/beyondcode/laravel-dump-server/src/DumpServerServiceProvider.php on line 49 {"exception":"[object] (TypeError(code: 0): Argument 1 passed to Symfony\\Component\\VarDumper\\Server\\Connection::__construct() must be of the type string, null given, called in /home/propltqo/public_html/ai_solutions/vendor/beyondcode/laravel-dump-server/src/DumpServerServiceProvider.php on line 49 at /home/propltqo/public_html/ai_solutions/vendor/symfony/var-dumper/Server/Connection.php:32)
[stacktrace]
#0 /home/propltqo/public_html/ai_solutions/vendor/beyondcode/laravel-dump-server/src/DumpServerServiceProvider.php(49): Symfony\\Component\\VarDumper\\Server\\Connection->__construct(NULL, Array)
#1 /home/propltqo/public_html/ai_solutions/vendor/laravel/framework/src/Illuminate/Foundation/Application.php(672): BeyondCode\\DumpServer\\DumpServerServiceProvider->register()
#2 /home/propltqo/public_html/ai_solutions/vendor/laravel/framework/src/Illuminate/Foundation/ProviderRepository.php(75): Illuminate\\Foundation\\Application->register(Object(BeyondCode\\DumpServer\\DumpServerServiceProvider))
#3 /home/propltqo/public_html/ai_solutions/vendor/laravel/framework/src/Illuminate/Foundation/Application.php(649): Illuminate\\Foundation\\ProviderRepository->load(Array)
#4 /home/propltqo/public_html/ai_solutions/vendor/laravel/framework/src/Illuminate/Foundation/Bootstrap/RegisterProviders.php(17): Illuminate\\Foundation\\Application->registerConfiguredProviders()
#5 /home/propltqo/public_html/ai_solutions/vendor/laravel/framework/src/Illuminate/Foundation/Application.php(237): Illuminate\\Foundation\\Bootstrap\\RegisterProviders->bootstrap(Object(Illuminate\\Foundation\\Application))
#6 /home/propltqo/public_html/ai_solutions/vendor/laravel/framework/src/Illuminate/Foundation/Http/Kernel.php(152): Illuminate\\Foundation\\Application->bootstrapWith(Array)
#7 /home/propltqo/public_html/ai_solutions/vendor/laravel/framework/src/Illuminate/Foundation/Http/Kernel.php(136): Illuminate\\Foundation\\Http\\Kernel->bootstrap()
#8 /home/propltqo/public_html/ai_solutions/vendor/laravel/framework/src/Illuminate/Foundation/Http/Kernel.php(110): Illuminate\\Foundation\\Http\\Kernel->sendRequestThroughRouter(Object(Illuminate\\Http\\Request))
#9 /home/propltqo/public_html/ai_solutions/public/index.php(58): Illuminate\\Foundation\\Http\\Kernel->handle(Object(Illuminate\\Http\\Request))
#10 {main}
"} 
[2022-01-05 15:49:26] staging.ERROR: Argument 1 passed to Symfony\Component\VarDumper\Server\Connection::__construct() must be of the type string, null given, called in /home/propltqo/public_html/ai_solutions/vendor/beyondcode/laravel-dump-server/src/DumpServerServiceProvider.php on line 49 {"exception":"[object] (TypeError(code: 0): Argument 1 passed to Symfony\\Component\\VarDumper\\Server\\Connection::__construct() must be of the type string, null given, called in /home/propltqo/public_html/ai_solutions/vendor/beyondcode/laravel-dump-server/src/DumpServerServiceProvider.php on line 49 at /home/propltqo/public_html/ai_solutions/vendor/symfony/var-dumper/Server/Connection.php:32)
[stacktrace]
#0 /home/propltqo/public_html/ai_solutions/vendor/beyondcode/laravel-dump-server/src/DumpServerServiceProvider.php(49): Symfony\\Component\\VarDumper\\Server\\Connection->__construct(NULL, Array)
#1 /home/propltqo/public_html/ai_solutions/vendor/laravel/framework/src/Illuminate/Foundation/Application.php(672): BeyondCode\\DumpServer\\DumpServerServiceProvider->register()
#2 /home/propltqo/public_html/ai_solutions/vendor/laravel/framework/src/Illuminate/Foundation/ProviderRepository.php(75): Illuminate\\Foundation\\Application->register(Object(BeyondCode\\DumpServer\\DumpServerServiceProvider))
#3 /home/propltqo/public_html/ai_solutions/vendor/laravel/framework/src/Illuminate/Foundation/Application.php(649): Illuminate\\Foundation\\ProviderRepository->load(Array)
#4 /home/propltqo/public_html/ai_solutions/vendor/laravel/framework/src/Illuminate/Foundation/Bootstrap/RegisterProviders.php(17): Illuminate\\Foundation\\Application->registerConfiguredProviders()
#5 /home/propltqo/public_html/ai_solutions/vendor/laravel/framework/src/Illuminate/Foundation/Application.php(237): Illuminate\\Foundation\\Bootstrap\\RegisterProviders->bootstrap(Object(Illuminate\\Foundation\\Application))
#6 /home/propltqo/public_html/ai_solutions/vendor/laravel/framework/src/Illuminate/Foundation/Http/Kernel.php(152): Illuminate\\Foundation\\Application->bootstrapWith(Array)
#7 /home/propltqo/public_html/ai_solutions/vendor/laravel/framework/src/Illuminate/Foundation/Http/Kernel.php(136): Illuminate\\Foundation\\Http\\Kernel->bootstrap()
#8 /home/propltqo/public_html/ai_solutions/vendor/laravel/framework/src/Illuminate/Foundation/Http/Kernel.php(110): Illuminate\\Foundation\\Http\\Kernel->sendRequestThroughRouter(Object(Illuminate\\Http\\Request))
#9 /home/propltqo/public_html/ai_solutions/public/index.php(58): Illuminate\\Foundation\\Http\\Kernel->handle(Object(Illuminate\\Http\\Request))
#10 {main}
"} 
[2022-01-05 15:49:26] staging.ERROR: Unresolvable dependency resolving [Parameter #0 [ <required> string $host ]] in class Symfony\Component\VarDumper\Server\DumpServer {"exception":"[object] (Illuminate\\Contracts\\Container\\BindingResolutionException(code: 0): Unresolvable dependency resolving [Parameter #0 [ <required> string $host ]] in class Symfony\\Component\\VarDumper\\Server\\DumpServer at /home/propltqo/public_html/ai_solutions/vendor/laravel/framework/src/Illuminate/Container/Container.php:1057)
[stacktrace]
#0 /home/propltqo/public_html/ai_solutions/vendor/laravel/framework/src/Illuminate/Container/Container.php(964): Illuminate\\Container\\Container->unresolvablePrimitive(Object(ReflectionParameter))
#1 /home/propltqo/public_html/ai_solutions/vendor/laravel/framework/src/Illuminate/Container/Container.php(899): Illuminate\\Container\\Container->resolvePrimitive(Object(ReflectionParameter))
#2 /home/propltqo/public_html/ai_solutions/vendor/laravel/framework/src/Illuminate/Container/Container.php(861): Illuminate\\Container\\Container->resolveDependencies(Array)
#3 /home/propltqo/public_html/ai_solutions/vendor/laravel/framework/src/Illuminate/Container/Container.php(712): Illuminate\\Container\\Container->build('Symfony\\\\Compone...')
#4 /home/propltqo/public_html/ai_solutions/vendor/laravel/framework/src/Illuminate/Foundation/Application.php(841): Illuminate\\Container\\Container->resolve('Symfony\\\\Compone...', Array, true)
#5 /home/propltqo/public_html/ai_solutions/vendor/laravel/framework/src/Illuminate/Container/Container.php(651): Illuminate\\Foundation\\Application->resolve('Symfony\\\\Compone...', Array)
#6 /home/propltqo/public_html/ai_solutions/vendor/laravel/framework/src/Illuminate/Foundation/Application.php(826): Illuminate\\Container\\Container->make('Symfony\\\\Compone...', Array)
#7 /home/propltqo/public_html/ai_solutions/vendor/laravel/framework/src/Illuminate/Container/Container.php(980): Illuminate\\Foundation\\Application->make('Symfony\\\\Compone...')
#8 /home/propltqo/public_html/ai_solutions/vendor/laravel/framework/src/Illuminate/Container/Container.php(900): Illuminate\\Container\\Container->resolveClass(Object(ReflectionParameter))
#9 /home/propltqo/public_html/ai_solutions/vendor/laravel/framework/src/Illuminate/Container/Container.php(861): Illuminate\\Container\\Container->resolveDependencies(Array)
#10 /home/propltqo/public_html/ai_solutions/vendor/laravel/framework/src/Illuminate/Container/Container.php(712): Illuminate\\Container\\Container->build('BeyondCode\\\\Dump...')
#11 /home/propltqo/public_html/ai_solutions/vendor/laravel/framework/src/Illuminate/Foundation/Application.php(841): Illuminate\\Container\\Container->resolve('BeyondCode\\\\Dump...', Array, false)
#12 /home/propltqo/public_html/ai_solutions/vendor/laravel/framework/src/Illuminate/Container/Container.php(283): Illuminate\\Foundation\\Application->resolve('BeyondCode\\\\Dump...', Array, false)
#13 /home/propltqo/public_html/ai_solutions/vendor/laravel/framework/src/Illuminate/Container/Container.php(826): Illuminate\\Container\\Container->Illuminate\\Container\\{closure}(Object(Illuminate\\Foundation\\Application), Array)
#14 /home/propltqo/public_html/ai_solutions/vendor/laravel/framework/src/Illuminate/Container/Container.php(712): Illuminate\\Container\\Container->build(Object(Closure))
#15 /home/propltqo/public_html/ai_solutions/vendor/laravel/framework/src/Illuminate/Foundation/Application.php(841): Illuminate\\Container\\Container->resolve('command.dumpser...', Array, true)
#16 /home/propltqo/public_html/ai_solutions/vendor/laravel/framework/src/Illuminate/Container/Container.php(651): Illuminate\\Foundation\\Application->resolve('command.dumpser...', Array)
#17 /home/propltqo/public_html/ai_solutions/vendor/laravel/framework/src/Illuminate/Foundation/Application.php(826): Illuminate\\Container\\Container->make('command.dumpser...', Array)
#18 /home/propltqo/public_html/ai_solutions/vendor/laravel/framework/src/Illuminate/Console/Application.php(260): Illuminate\\Foundation\\Application->make('command.dumpser...')
#19 /home/propltqo/public_html/ai_solutions/vendor/laravel/framework/src/Illuminate/Console/Application.php(274): Illuminate\\Console\\Application->resolve('command.dumpser...')
#20 /home/propltqo/public_html/ai_solutions/vendor/laravel/framework/src/Illuminate/Support/ServiceProvider.php(396): Illuminate\\Console\\Application->resolveCommands(Array)
#21 /home/propltqo/public_html/ai_solutions/vendor/laravel/framework/src/Illuminate/Console/Application.php(151): Illuminate\\Support\\ServiceProvider->Illuminate\\Support\\{closure}(Object(Illuminate\\Console\\Application))
#22 /home/propltqo/public_html/ai_solutions/vendor/laravel/framework/src/Illuminate/Console/Application.php(74): Illuminate\\Console\\Application->bootstrap()
#23 /home/propltqo/public_html/ai_solutions/vendor/laravel/framework/src/Illuminate/Foundation/Console/Kernel.php(330): Illuminate\\Console\\Application->__construct(Object(Illuminate\\Foundation\\Application), Object(Illuminate\\Events\\Dispatcher), '8.32.1')
#24 /home/propltqo/public_html/ai_solutions/vendor/laravel/framework/src/Illuminate/Foundation/Console/Kernel.php(263): Illuminate\\Foundation\\Console\\Kernel->getArtisan()
#25 /home/propltqo/public_html/ai_solutions/vendor/laravel/framework/src/Illuminate/Support/Facades/Facade.php(261): Illuminate\\Foundation\\Console\\Kernel->call('cache:clear')
#26 /home/propltqo/public_html/ai_solutions/public/index.php(69): Illuminate\\Support\\Facades\\Facade::__callStatic('call', Array)
#27 {main}
"} 
[2022-01-05 15:49:26] staging.ERROR: Unresolvable dependency resolving [Parameter #0 [ <required> string $host ]] in class Symfony\Component\VarDumper\Server\DumpServer {"exception":"[object] (Illuminate\\Contracts\\Container\\BindingResolutionException(code: 0): Unresolvable dependency resolving [Parameter #0 [ <required> string $host ]] in class Symfony\\Component\\VarDumper\\Server\\DumpServer at /home/propltqo/public_html/ai_solutions/vendor/laravel/framework/src/Illuminate/Container/Container.php:1057)
[stacktrace]
#0 /home/propltqo/public_html/ai_solutions/vendor/laravel/framework/src/Illuminate/Container/Container.php(964): Illuminate\\Container\\Container->unresolvablePrimitive(Object(ReflectionParameter))
#1 /home/propltqo/public_html/ai_solutions/vendor/laravel/framework/src/Illuminate/Container/Container.php(899): Illuminate\\Container\\Container->resolvePrimitive(Object(ReflectionParameter))
#2 /home/propltqo/public_html/ai_solutions/vendor/laravel/framework/src/Illuminate/Container/Container.php(861): Illuminate\\Container\\Container->resolveDependencies(Array)
#3 /home/propltqo/public_html/ai_solutions/vendor/laravel/framework/src/Illuminate/Container/Container.php(712): Illuminate\\Container\\Container->build('Symfony\\\\Compone...')
#4 /home/propltqo/public_html/ai_solutions/vendor/laravel/framework/src/Illuminate/Foundation/Application.php(841): Illuminate\\Container\\Container->resolve('Symfony\\\\Compone...', Array, true)
#5 /home/propltqo/public_html/ai_solutions/vendor/laravel/framework/src/Illuminate/Container/Container.php(651): Illuminate\\Foundation\\Application->resolve('Symfony\\\\Compone...', Array)
#6 /home/propltqo/public_html/ai_solutions/vendor/laravel/framework/src/Illuminate/Foundation/Application.php(826): Illuminate\\Container\\Container->make('Symfony\\\\Compone...', Array)
#7 /home/propltqo/public_html/ai_solutions/vendor/laravel/framework/src/Illuminate/Container/Container.php(980): Illuminate\\Foundation\\Application->make('Symfony\\\\Compone...')
#8 /home/propltqo/public_html/ai_solutions/vendor/laravel/framework/src/Illuminate/Container/Container.php(900): Illuminate\\Container\\Container->resolveClass(Object(ReflectionParameter))
#9 /home/propltqo/public_html/ai_solutions/vendor/laravel/framework/src/Illuminate/Container/Container.php(861): Illuminate\\Container\\Container->resolveDependencies(Array)
#10 /home/propltqo/public_html/ai_solutions/vendor/laravel/framework/src/Illuminate/Container/Container.php(712): Illuminate\\Container\\Container->build('BeyondCode\\\\Dump...')
#11 /home/propltqo/public_html/ai_solutions/vendor/laravel/framework/src/Illuminate/Foundation/Application.php(841): Illuminate\\Container\\Container->resolve('BeyondCode\\\\Dump...', Array, false)
#12 /home/propltqo/public_html/ai_solutions/vendor/laravel/framework/src/Illuminate/Container/Container.php(283): Illuminate\\Foundation\\Application->resolve('BeyondCode\\\\Dump...', Array, false)
#13 /home/propltqo/public_html/ai_solutions/vendor/laravel/framework/src/Illuminate/Container/Container.php(826): Illuminate\\Container\\Container->Illuminate\\Container\\{closure}(Object(Illuminate\\Foundation\\Application), Array)
#14 /home/propltqo/public_html/ai_solutions/vendor/laravel/framework/src/Illuminate/Container/Container.php(712): Illuminate\\Container\\Container->build(Object(Closure))
#15 /home/propltqo/public_html/ai_solutions/vendor/laravel/framework/src/Illuminate/Foundation/Application.php(841): Illuminate\\Container\\Container->resolve('command.dumpser...', Array, true)
#16 /home/propltqo/public_html/ai_solutions/vendor/laravel/framework/src/Illuminate/Container/Container.php(651): Illuminate\\Foundation\\Application->resolve('command.dumpser...', Array)
#17 /home/propltqo/public_html/ai_solutions/vendor/laravel/framework/src/Illuminate/Foundation/Application.php(826): Illuminate\\Container\\Container->make('command.dumpser...', Array)
#18 /home/propltqo/public_html/ai_solutions/vendor/laravel/framework/src/Illuminate/Console/Application.php(260): Illuminate\\Foundation\\Application->make('command.dumpser...')
#19 /home/propltqo/public_html/ai_solutions/vendor/laravel/framework/src/Illuminate/Console/Application.php(274): Illuminate\\Console\\Application->resolve('command.dumpser...')
#20 /home/propltqo/public_html/ai_solutions/vendor/laravel/framework/src/Illuminate/Support/ServiceProvider.php(396): Illuminate\\Console\\Application->resolveCommands(Array)
#21 /home/propltqo/public_html/ai_solutions/vendor/laravel/framework/src/Illuminate/Console/Application.php(151): Illuminate\\Support\\ServiceProvider->Illuminate\\Support\\{closure}(Object(Illuminate\\Console\\Application))
#22 /home/propltqo/public_html/ai_solutions/vendor/laravel/framework/src/Illuminate/Console/Application.php(74): Illuminate\\Console\\Application->bootstrap()
#23 /home/propltqo/public_html/ai_solutions/vendor/laravel/framework/src/Illuminate/Foundation/Console/Kernel.php(330): Illuminate\\Console\\Application->__construct(Object(Illuminate\\Foundation\\Application), Object(Illuminate\\Events\\Dispatcher), '8.32.1')
#24 /home/propltqo/public_html/ai_solutions/vendor/laravel/framework/src/Illuminate/Foundation/Console/Kernel.php(263): Illuminate\\Foundation\\Console\\Kernel->getArtisan()
#25 /home/propltqo/public_html/ai_solutions/vendor/laravel/framework/src/Illuminate/Support/Facades/Facade.php(261): Illuminate\\Foundation\\Console\\Kernel->call('cache:clear')
#26 /home/propltqo/public_html/ai_solutions/public/index.php(69): Illuminate\\Support\\Facades\\Facade::__callStatic('call', Array)
#27 {main}
"} 
