[2022-01-21 12:37:37] staging.ERROR: Argument 2 passed to Bugsnag\BugsnagLaravel\BugsnagServiceProvider::setupEvents() must be of the type array, null given, called in /home/propltqo/public_html/ai_solutions/vendor/bugsnag/bugsnag-laravel/src/BugsnagServiceProvider.php on line 50 {"exception":"[object] (TypeError(code: 0): Argument 2 passed to Bugsnag\\BugsnagLaravel\\BugsnagServiceProvider::setupEvents() must be of the type array, null given, called in /home/propltqo/public_html/ai_solutions/vendor/bugsnag/bugsnag-laravel/src/BugsnagServiceProvider.php on line 50 at /home/propltqo/public_html/ai_solutions/vendor/bugsnag/bugsnag-laravel/src/BugsnagServiceProvider.php:90)
[stacktrace]
#0 /home/propltqo/public_html/ai_solutions/vendor/bugsnag/bugsnag-laravel/src/BugsnagServiceProvider.php(50): Bugsnag\\BugsnagLaravel\\BugsnagServiceProvider->setupEvents(Object(Illuminate\\Events\\Dispatcher), NULL)
#1 /home/propltqo/public_html/ai_solutions/vendor/laravel/framework/src/Illuminate/Container/BoundMethod.php(36): Bugsnag\\BugsnagLaravel\\BugsnagServiceProvider->boot()
#2 /home/propltqo/public_html/ai_solutions/vendor/laravel/framework/src/Illuminate/Container/Util.php(40): Illuminate\\Container\\BoundMethod::Illuminate\\Container\\{closure}()
#3 /home/propltqo/public_html/ai_solutions/vendor/laravel/framework/src/Illuminate/Container/BoundMethod.php(93): Illuminate\\Container\\Util::unwrapIfClosure(Object(Closure))
#4 /home/propltqo/public_html/ai_solutions/vendor/laravel/framework/src/Illuminate/Container/BoundMethod.php(37): Illuminate\\Container\\BoundMethod::callBoundMethod(Object(Illuminate\\Foundation\\Application), Array, Object(Closure))
#5 /home/propltqo/public_html/ai_solutions/vendor/laravel/framework/src/Illuminate/Container/Container.php(610): Illuminate\\Container\\BoundMethod::call(Object(Illuminate\\Foundation\\Application), Array, Array, NULL)
#6 /home/propltqo/public_html/ai_solutions/vendor/laravel/framework/src/Illuminate/Foundation/Application.php(914): Illuminate\\Container\\Container->call(Array)
#7 /home/propltqo/public_html/ai_solutions/vendor/laravel/framework/src/Illuminate/Foundation/Application.php(895): Illuminate\\Foundation\\Application->bootProvider(Object(Bugsnag\\BugsnagLaravel\\BugsnagServiceProvider))
#8 [internal function]: Illuminate\\Foundation\\Application->Illuminate\\Foundation\\{closure}(Object(Bugsnag\\BugsnagLaravel\\BugsnagServiceProvider), 30)
#9 /home/propltqo/public_html/ai_solutions/vendor/laravel/framework/src/Illuminate/Foundation/Application.php(896): array_walk(Array, Object(Closure))
#10 /home/propltqo/public_html/ai_solutions/vendor/laravel/framework/src/Illuminate/Foundation/Bootstrap/BootProviders.php(17): Illuminate\\Foundation\\Application->boot()
#11 /home/propltqo/public_html/ai_solutions/vendor/laravel/framework/src/Illuminate/Foundation/Application.php(237): Illuminate\\Foundation\\Bootstrap\\BootProviders->bootstrap(Object(Illuminate\\Foundation\\Application))
#12 /home/propltqo/public_html/ai_solutions/vendor/laravel/framework/src/Illuminate/Foundation/Http/Kernel.php(152): Illuminate\\Foundation\\Application->bootstrapWith(Array)
#13 /home/propltqo/public_html/ai_solutions/vendor/laravel/framework/src/Illuminate/Foundation/Http/Kernel.php(136): Illuminate\\Foundation\\Http\\Kernel->bootstrap()
#14 /home/propltqo/public_html/ai_solutions/vendor/laravel/framework/src/Illuminate/Foundation/Http/Kernel.php(110): Illuminate\\Foundation\\Http\\Kernel->sendRequestThroughRouter(Object(Illuminate\\Http\\Request))
#15 /home/propltqo/public_html/ai_solutions/public/index.php(58): Illuminate\\Foundation\\Http\\Kernel->handle(Object(Illuminate\\Http\\Request))
#16 {main}
"} 
[2022-01-21 19:08:27] staging.ERROR: Argument 2 passed to Bugsnag\BugsnagLaravel\BugsnagServiceProvider::setupEvents() must be of the type array, null given, called in /home/propltqo/public_html/ai_solutions/vendor/bugsnag/bugsnag-laravel/src/BugsnagServiceProvider.php on line 50 {"exception":"[object] (TypeError(code: 0): Argument 2 passed to Bugsnag\\BugsnagLaravel\\BugsnagServiceProvider::setupEvents() must be of the type array, null given, called in /home/propltqo/public_html/ai_solutions/vendor/bugsnag/bugsnag-laravel/src/BugsnagServiceProvider.php on line 50 at /home/propltqo/public_html/ai_solutions/vendor/bugsnag/bugsnag-laravel/src/BugsnagServiceProvider.php:90)
[stacktrace]
#0 /home/propltqo/public_html/ai_solutions/vendor/bugsnag/bugsnag-laravel/src/BugsnagServiceProvider.php(50): Bugsnag\\BugsnagLaravel\\BugsnagServiceProvider->setupEvents(Object(Illuminate\\Events\\Dispatcher), NULL)
#1 /home/propltqo/public_html/ai_solutions/vendor/laravel/framework/src/Illuminate/Container/BoundMethod.php(36): Bugsnag\\BugsnagLaravel\\BugsnagServiceProvider->boot()
#2 /home/propltqo/public_html/ai_solutions/vendor/laravel/framework/src/Illuminate/Container/Util.php(40): Illuminate\\Container\\BoundMethod::Illuminate\\Container\\{closure}()
#3 /home/propltqo/public_html/ai_solutions/vendor/laravel/framework/src/Illuminate/Container/BoundMethod.php(93): Illuminate\\Container\\Util::unwrapIfClosure(Object(Closure))
#4 /home/propltqo/public_html/ai_solutions/vendor/laravel/framework/src/Illuminate/Container/BoundMethod.php(37): Illuminate\\Container\\BoundMethod::callBoundMethod(Object(Illuminate\\Foundation\\Application), Array, Object(Closure))
#5 /home/propltqo/public_html/ai_solutions/vendor/laravel/framework/src/Illuminate/Container/Container.php(610): Illuminate\\Container\\BoundMethod::call(Object(Illuminate\\Foundation\\Application), Array, Array, NULL)
#6 /home/propltqo/public_html/ai_solutions/vendor/laravel/framework/src/Illuminate/Foundation/Application.php(914): Illuminate\\Container\\Container->call(Array)
#7 /home/propltqo/public_html/ai_solutions/vendor/laravel/framework/src/Illuminate/Foundation/Application.php(895): Illuminate\\Foundation\\Application->bootProvider(Object(Bugsnag\\BugsnagLaravel\\BugsnagServiceProvider))
#8 [internal function]: Illuminate\\Foundation\\Application->Illuminate\\Foundation\\{closure}(Object(Bugsnag\\BugsnagLaravel\\BugsnagServiceProvider), 30)
#9 /home/propltqo/public_html/ai_solutions/vendor/laravel/framework/src/Illuminate/Foundation/Application.php(896): array_walk(Array, Object(Closure))
#10 /home/propltqo/public_html/ai_solutions/vendor/laravel/framework/src/Illuminate/Foundation/Bootstrap/BootProviders.php(17): Illuminate\\Foundation\\Application->boot()
#11 /home/propltqo/public_html/ai_solutions/vendor/laravel/framework/src/Illuminate/Foundation/Application.php(237): Illuminate\\Foundation\\Bootstrap\\BootProviders->bootstrap(Object(Illuminate\\Foundation\\Application))
#12 /home/propltqo/public_html/ai_solutions/vendor/laravel/framework/src/Illuminate/Foundation/Http/Kernel.php(152): Illuminate\\Foundation\\Application->bootstrapWith(Array)
#13 /home/propltqo/public_html/ai_solutions/vendor/laravel/framework/src/Illuminate/Foundation/Http/Kernel.php(136): Illuminate\\Foundation\\Http\\Kernel->bootstrap()
#14 /home/propltqo/public_html/ai_solutions/vendor/laravel/framework/src/Illuminate/Foundation/Http/Kernel.php(110): Illuminate\\Foundation\\Http\\Kernel->sendRequestThroughRouter(Object(Illuminate\\Http\\Request))
#15 /home/propltqo/public_html/ai_solutions/public/index.php(58): Illuminate\\Foundation\\Http\\Kernel->handle(Object(Illuminate\\Http\\Request))
#16 {main}
"} 
