#
# There is insufficient memory for the Java Runtime Environment to continue.
# Native memory allocation (mmap) failed to map 2555904 bytes for committing reserved memory.
# Possible reasons:
#   The system is out of physical RAM or swap space
#   The process is running with CompressedOops enabled, and the Java Heap may be blocking the growth of the native heap
# Possible solutions:
#   Reduce memory load on the system
#   Increase physical memory or swap space
#   Check if swap backing store is full
#   Decrease Java heap size (-Xmx/-Xms)
#   Decrease number of Java threads
#   Decrease Java thread stack sizes (-Xss)
#   Set larger code cache with -XX:ReservedCodeCacheSize=
#   JVM is running with Unscaled Compressed Oops mode in which the Java heap is
#     placed in the first 4GB address space. The Java Heap base address is the
#     maximum limit for the native heap growth. Please use -XX:HeapBaseMinAddress
#     to set the Java Heap base and to place the Java Heap above 4GB virtual address.
# This output file may be truncated or incomplete.
#
#  Out of Memory Error (os_linux.cpp:2798), pid=10861, tid=0x00007f89c49d6700
#
# JRE version:  (8.0_272-b10) (build )
# Java VM: OpenJDK 64-Bit Server VM (25.272-b10 mixed mode linux-amd64 compressed oops)
# Failed to write core dump. Core dumps have been disabled. To enable core dumping, try "ulimit -c unlimited" before starting Java again
#

---------------  T H R E A D  ---------------

Current thread (0x00007f89bc04b800):  JavaThread "Unknown thread" [_thread_in_vm, id=10863, stack(0x00007f89c48d7000,0x00007f89c49d7000)]

Stack: [0x00007f89c48d7000,0x00007f89c49d7000],  sp=0x00007f89c49d5850,  free space=1018k
Native frames: (J=compiled Java code, j=interpreted, Vv=VM code, C=native code)
V  [libjvm.so+0xb5bc0d]  VMError::report_and_die()+0x15d
V  [libjvm.so+0x50789a]  report_vm_out_of_memory(char const*, int, unsigned long, VMErrorType, char const*)+0xaa
V  [libjvm.so+0x93f848]  os::pd_commit_memory(char*, unsigned long, unsigned long, bool)+0xd8
V  [libjvm.so+0x9369ce]  os::commit_memory(char*, unsigned long, unsigned long, bool)+0x2e
V  [libjvm.so+0xb58814]  VirtualSpace::expand_by(unsigned long, bool)+0x1b4
V  [libjvm.so+0x61e6b0]  CodeHeap::reserve(unsigned long, unsigned long, unsigned long)+0x120
V  [libjvm.so+0x48e180]  codeCache_init()+0x80
V  [libjvm.so+0x64312b]  init_globals()+0x4b
V  [libjvm.so+0xb0704f]  Threads::create_vm(JavaVMInitArgs*, bool*)+0x29f
V  [libjvm.so+0x71540d]  JNI_CreateJavaVM+0x5d
C  [libjli.so+0x3093]  JavaMain+0xa3
C  [libpthread.so.0+0x7ea5]  start_thread+0xc5


---------------  P R O C E S S  ---------------

Java Threads: ( => current thread )

Other Threads:

=>0x00007f89bc04b800 (exited) JavaThread "Unknown thread" [_thread_in_vm, id=10863, stack(0x00007f89c48d7000,0x00007f89c49d7000)]

VM state:not at safepoint (not fully initialized)

VM Mutex/Monitor currently owned by a thread: None


[error occurred during error reporting (printing compressed oops mode, id 0xb]

Deoptimization events (0 events):
No events

Classes redefined (0 events):
No events

Internal exceptions (0 events):
No events

Events (0 events):
No events


Dynamic libraries:
562b88187000-562b88188000 r-xp 00000000 fd:02 8914644                    /usr/lib/jvm/java-1.8.0-openjdk-1.8.0.272.b10-1.el7_9.x86_64/bin/java
562b88387000-562b88388000 r--p 00000000 fd:02 8914644                    /usr/lib/jvm/java-1.8.0-openjdk-1.8.0.272.b10-1.el7_9.x86_64/bin/java
562b88388000-562b88389000 rw-p 00001000 fd:02 8914644                    /usr/lib/jvm/java-1.8.0-openjdk-1.8.0.272.b10-1.el7_9.x86_64/bin/java
562b899cc000-562b899ed000 rw-p 00000000 00:00 0                          [heap]
7f89ad000000-7f89bc000000 ---p 00000000 00:00 0 
7f89bc000000-7f89bc070000 rw-p 00000000 00:00 0 
7f89bc070000-7f89c0000000 ---p 00000000 00:00 0 
7f89c15de000-7f89c189b000 rw-p 00000000 00:00 0 
7f89c189b000-7f89c18a3000 r-xp 00000000 fd:02 7476336                    /usr/lib/jvm/java-1.8.0-openjdk-1.8.0.272.b10-1.el7_9.x86_64/jre/lib/amd64/libzip.so
7f89c18a3000-7f89c1aa2000 ---p 00008000 fd:02 7476336                    /usr/lib/jvm/java-1.8.0-openjdk-1.8.0.272.b10-1.el7_9.x86_64/jre/lib/amd64/libzip.so
7f89c1aa2000-7f89c1aa3000 r--p 00007000 fd:02 7476336                    /usr/lib/jvm/java-1.8.0-openjdk-1.8.0.272.b10-1.el7_9.x86_64/jre/lib/amd64/libzip.so
7f89c1aa3000-7f89c1aa4000 rw-p 00008000 fd:02 7476336                    /usr/lib/jvm/java-1.8.0-openjdk-1.8.0.272.b10-1.el7_9.x86_64/jre/lib/amd64/libzip.so
7f89c1aa4000-7f89c1ab0000 r-xp 00000000 fd:02 6685343                    /usr/lib64/libnss_files-2.17.so
7f89c1ab0000-7f89c1caf000 ---p 0000c000 fd:02 6685343                    /usr/lib64/libnss_files-2.17.so
7f89c1caf000-7f89c1cb0000 r--p 0000b000 fd:02 6685343                    /usr/lib64/libnss_files-2.17.so
7f89c1cb0000-7f89c1cb1000 rw-p 0000c000 fd:02 6685343                    /usr/lib64/libnss_files-2.17.so
7f89c1cb1000-7f89c1cb7000 rw-p 00000000 00:00 0 
7f89c1cb7000-7f89c1ce1000 r-xp 00000000 fd:02 7475188                    /usr/lib/jvm/java-1.8.0-openjdk-1.8.0.272.b10-1.el7_9.x86_64/jre/lib/amd64/libjava.so
7f89c1ce1000-7f89c1ee0000 ---p 0002a000 fd:02 7475188                    /usr/lib/jvm/java-1.8.0-openjdk-1.8.0.272.b10-1.el7_9.x86_64/jre/lib/amd64/libjava.so
7f89c1ee0000-7f89c1ee1000 r--p 00029000 fd:02 7475188                    /usr/lib/jvm/java-1.8.0-openjdk-1.8.0.272.b10-1.el7_9.x86_64/jre/lib/amd64/libjava.so
7f89c1ee1000-7f89c1ee3000 rw-p 0002a000 fd:02 7475188                    /usr/lib/jvm/java-1.8.0-openjdk-1.8.0.272.b10-1.el7_9.x86_64/jre/lib/amd64/libjava.so
7f89c1ee3000-7f89c1ef0000 r-xp 00000000 fd:02 7476274                    /usr/lib/jvm/java-1.8.0-openjdk-1.8.0.272.b10-1.el7_9.x86_64/jre/lib/amd64/libverify.so
7f89c1ef0000-7f89c20ef000 ---p 0000d000 fd:02 7476274                    /usr/lib/jvm/java-1.8.0-openjdk-1.8.0.272.b10-1.el7_9.x86_64/jre/lib/amd64/libverify.so
7f89c20ef000-7f89c20f1000 r--p 0000c000 fd:02 7476274                    /usr/lib/jvm/java-1.8.0-openjdk-1.8.0.272.b10-1.el7_9.x86_64/jre/lib/amd64/libverify.so
7f89c20f1000-7f89c20f2000 rw-p 0000e000 fd:02 7476274                    /usr/lib/jvm/java-1.8.0-openjdk-1.8.0.272.b10-1.el7_9.x86_64/jre/lib/amd64/libverify.so
7f89c20f2000-7f89c20f9000 r-xp 00000000 fd:02 6685355                    /usr/lib64/librt-2.17.so
7f89c20f9000-7f89c22f8000 ---p 00007000 fd:02 6685355                    /usr/lib64/librt-2.17.so
7f89c22f8000-7f89c22f9000 r--p 00006000 fd:02 6685355                    /usr/lib64/librt-2.17.so
7f89c22f9000-7f89c22fa000 rw-p 00007000 fd:02 6685355                    /usr/lib64/librt-2.17.so
7f89c22fa000-7f89c230f000 r-xp 00000000 fd:02 6684691                    /usr/lib64/libgcc_s-4.8.5-20150702.so.1
7f89c230f000-7f89c250e000 ---p 00015000 fd:02 6684691                    /usr/lib64/libgcc_s-4.8.5-20150702.so.1
7f89c250e000-7f89c250f000 r--p 00014000 fd:02 6684691                    /usr/lib64/libgcc_s-4.8.5-20150702.so.1
7f89c250f000-7f89c2510000 rw-p 00015000 fd:02 6684691                    /usr/lib64/libgcc_s-4.8.5-20150702.so.1
7f89c2510000-7f89c2611000 r-xp 00000000 fd:02 6685333                    /usr/lib64/libm-2.17.so
7f89c2611000-7f89c2810000 ---p 00101000 fd:02 6685333                    /usr/lib64/libm-2.17.so
7f89c2810000-7f89c2811000 r--p 00100000 fd:02 6685333                    /usr/lib64/libm-2.17.so
7f89c2811000-7f89c2812000 rw-p 00101000 fd:02 6685333                    /usr/lib64/libm-2.17.so
7f89c2812000-7f89c28fb000 r-xp 00000000 fd:02 6685370                    /usr/lib64/libstdc++.so.6.0.19
7f89c28fb000-7f89c2afa000 ---p 000e9000 fd:02 6685370                    /usr/lib64/libstdc++.so.6.0.19
7f89c2afa000-7f89c2b02000 r--p 000e8000 fd:02 6685370                    /usr/lib64/libstdc++.so.6.0.19
7f89c2b02000-7f89c2b04000 rw-p 000f0000 fd:02 6685370                    /usr/lib64/libstdc++.so.6.0.19
7f89c2b04000-7f89c2b19000 rw-p 00000000 00:00 0 
7f89c2b19000-7f89c38aa000 r-xp 00000000 fd:02 8131891                    /usr/lib/jvm/java-1.8.0-openjdk-1.8.0.272.b10-1.el7_9.x86_64/jre/lib/amd64/server/libjvm.so
7f89c38aa000-7f89c3aaa000 ---p 00d91000 fd:02 8131891                    /usr/lib/jvm/java-1.8.0-openjdk-1.8.0.272.b10-1.el7_9.x86_64/jre/lib/amd64/server/libjvm.so
7f89c3aaa000-7f89c3b57000 r--p 00d91000 fd:02 8131891                    /usr/lib/jvm/java-1.8.0-openjdk-1.8.0.272.b10-1.el7_9.x86_64/jre/lib/amd64/server/libjvm.so
7f89c3b57000-7f89c3b82000 rw-p 00e3e000 fd:02 8131891                    /usr/lib/jvm/java-1.8.0-openjdk-1.8.0.272.b10-1.el7_9.x86_64/jre/lib/amd64/server/libjvm.so
7f89c3b82000-7f89c3bb8000 rw-p 00000000 00:00 0 
7f89c3bb8000-7f89c3d7b000 r-xp 00000000 fd:02 6685325                    /usr/lib64/libc-2.17.so
7f89c3d7b000-7f89c3f7b000 ---p 001c3000 fd:02 6685325                    /usr/lib64/libc-2.17.so
7f89c3f7b000-7f89c3f7f000 r--p 001c3000 fd:02 6685325                    /usr/lib64/libc-2.17.so
7f89c3f7f000-7f89c3f81000 rw-p 001c7000 fd:02 6685325                    /usr/lib64/libc-2.17.so
7f89c3f81000-7f89c3f86000 rw-p 00000000 00:00 0 
7f89c3f86000-7f89c3f88000 r-xp 00000000 fd:02 6685331                    /usr/lib64/libdl-2.17.so
7f89c3f88000-7f89c4188000 ---p 00002000 fd:02 6685331                    /usr/lib64/libdl-2.17.so
7f89c4188000-7f89c4189000 r--p 00002000 fd:02 6685331                    /usr/lib64/libdl-2.17.so
7f89c4189000-7f89c418a000 rw-p 00003000 fd:02 6685331                    /usr/lib64/libdl-2.17.so
7f89c418a000-7f89c4198000 r-xp 00000000 fd:02 8914701                    /usr/lib/jvm/java-1.8.0-openjdk-1.8.0.272.b10-1.el7_9.x86_64/lib/amd64/jli/libjli.so
7f89c4198000-7f89c4397000 ---p 0000e000 fd:02 8914701                    /usr/lib/jvm/java-1.8.0-openjdk-1.8.0.272.b10-1.el7_9.x86_64/lib/amd64/jli/libjli.so
7f89c4397000-7f89c4398000 r--p 0000d000 fd:02 8914701                    /usr/lib/jvm/java-1.8.0-openjdk-1.8.0.272.b10-1.el7_9.x86_64/lib/amd64/jli/libjli.so
7f89c4398000-7f89c4399000 rw-p 0000e000 fd:02 8914701                    /usr/lib/jvm/java-1.8.0-openjdk-1.8.0.272.b10-1.el7_9.x86_64/lib/amd64/jli/libjli.so
7f89c4399000-7f89c43ae000 r-xp 00000000 fd:02 6685515                    /usr/lib64/libz.so.1.2.7
7f89c43ae000-7f89c45ad000 ---p 00015000 fd:02 6685515                    /usr/lib64/libz.so.1.2.7
7f89c45ad000-7f89c45ae000 r--p 00014000 fd:02 6685515                    /usr/lib64/libz.so.1.2.7
7f89c45ae000-7f89c45af000 rw-p 00015000 fd:02 6685515                    /usr/lib64/libz.so.1.2.7
7f89c45af000-7f89c45c6000 r-xp 00000000 fd:02 6685351                    /usr/lib64/libpthread-2.17.so
7f89c45c6000-7f89c47c5000 ---p 00017000 fd:02 6685351                    /usr/lib64/libpthread-2.17.so
7f89c47c5000-7f89c47c6000 r--p 00016000 fd:02 6685351                    /usr/lib64/libpthread-2.17.so
7f89c47c6000-7f89c47c7000 rw-p 00017000 fd:02 6685351                    /usr/lib64/libpthread-2.17.so
7f89c47c7000-7f89c47cb000 rw-p 00000000 00:00 0 
7f89c47cb000-7f89c47ed000 r-xp 00000000 fd:02 6685313                    /usr/lib64/ld-2.17.so
7f89c48d6000-7f89c48da000 ---p 00000000 00:00 0 
7f89c48da000-7f89c49dc000 rw-p 00000000 00:00 0 
7f89c49de000-7f89c49e1000 rw-p 00000000 00:00 0 
7f89c49e1000-7f89c49e9000 rw-s 00000000 fd:02 6291582                    /tmp/hsperfdata_apache/10861
7f89c49e9000-7f89c49ea000 rw-p 00000000 00:00 0 
7f89c49ea000-7f89c49eb000 r--p 00000000 00:00 0 
7f89c49eb000-7f89c49ec000 rw-p 00000000 00:00 0 
7f89c49ec000-7f89c49ed000 r--p 00021000 fd:02 6685313                    /usr/lib64/ld-2.17.so
7f89c49ed000-7f89c49ee000 rw-p 00022000 fd:02 6685313                    /usr/lib64/ld-2.17.so
7f89c49ee000-7f89c49ef000 rw-p 00000000 00:00 0 
7ffedc2fa000-7ffedc31b000 rw-p 00000000 00:00 0                          [stack]
7ffedc32b000-7ffedc32d000 r-xp 00000000 00:00 0                          [vdso]
ffffffffff600000-ffffffffff601000 r-xp 00000000 00:00 0                  [vsyscall]

VM Arguments:
java_command: JREProperties noaccessibility
java_class_path (initial): /usr/lib64/libreoffice/program
Launcher Type: SUN_STANDARD

Environment Variables:
PATH=/usr/local/sbin:/usr/local/bin:/usr/sbin:/usr/bin

Signal Handlers:
SIGSEGV: [libjvm.so+0xb5c6c0], sa_mask[0]=11111111011111111101111111111110, sa_flags=SA_RESTART|SA_SIGINFO
SIGBUS: [libjvm.so+0xb5c6c0], sa_mask[0]=11111111011111111101111111111110, sa_flags=SA_RESTART|SA_SIGINFO
SIGFPE: [libjvm.so+0x93aa10], sa_mask[0]=11111111011111111101111111111110, sa_flags=SA_RESTART|SA_SIGINFO
SIGPIPE: [libjvm.so+0x93aa10], sa_mask[0]=11111111011111111101111111111110, sa_flags=SA_RESTART|SA_SIGINFO
SIGXFSZ: [libjvm.so+0x93aa10], sa_mask[0]=11111111011111111101111111111110, sa_flags=SA_RESTART|SA_SIGINFO
SIGILL: [libjvm.so+0x93aa10], sa_mask[0]=11111111011111111101111111111110, sa_flags=SA_RESTART|SA_SIGINFO
SIGUSR1: SIG_DFL, sa_mask[0]=00000000000000000000000000000000, sa_flags=none
SIGUSR2: [libjvm.so+0x93a8c0], sa_mask[0]=00000000000000000000000000000000, sa_flags=SA_RESTART|SA_SIGINFO
SIGHUP: SIG_DFL, sa_mask[0]=00000000000000000000000000000000, sa_flags=none
SIGINT: SIG_DFL, sa_mask[0]=00000000000000000000000000000000, sa_flags=none
SIGTERM: SIG_DFL, sa_mask[0]=00000000000000000000000000000000, sa_flags=none
SIGQUIT: SIG_DFL, sa_mask[0]=00000000000000000000000000000000, sa_flags=none


---------------  S Y S T E M  ---------------

OS:CentOS Linux release 7.8.2003 (Core)

uname:Linux 3.10.0-1127.el7.x86_64 #1 SMP Tue Mar 31 23:36:51 UTC 2020 x86_64
libc:glibc 2.17 NPTL 2.17 
rlimit: STACK 8192k, CORE 0k, NPROC 15074, NOFILE 4096, AS infinity
load average:0.05 0.03 0.05

/proc/meminfo:
MemTotal:        3880196 kB
MemFree:         1697132 kB
MemAvailable:    2675240 kB
Buffers:          140648 kB
Cached:          1094956 kB
SwapCached:            0 kB
Active:          1251276 kB
Inactive:         612440 kB
Active(anon):     722388 kB
Inactive(anon):    92644 kB
Active(file):     528888 kB
Inactive(file):   519796 kB
Unevictable:           0 kB
Mlocked:               0 kB
SwapTotal:             0 kB
SwapFree:              0 kB
Dirty:               124 kB
Writeback:             0 kB
AnonPages:        630116 kB
Mapped:            47060 kB
Shmem:            186956 kB
Slab:             257356 kB
SReclaimable:     218552 kB
SUnreclaim:        38804 kB
KernelStack:        2496 kB
PageTables:        18148 kB
NFS_Unstable:          0 kB
Bounce:                0 kB
WritebackTmp:          0 kB
CommitLimit:     1940096 kB
Committed_AS:    1315048 kB
VmallocTotal:   34359738367 kB
VmallocUsed:       29332 kB
VmallocChunk:   34359664848 kB
Percpu:              504 kB
HardwareCorrupted:     0 kB
AnonHugePages:    346112 kB
CmaTotal:              0 kB
CmaFree:               0 kB
HugePages_Total:       0
HugePages_Free:        0
HugePages_Rsvd:        0
HugePages_Surp:        0
Hugepagesize:       2048 kB
DirectMap4k:       81776 kB
DirectMap2M:     4112384 kB

container (cgroup) information:
container_type: cgroupv1
cpu_cpuset_cpus: failed
cpu_memory_nodes: failed
active_processor_count: 2
cpu_quota: -2
cpu_period: -2
cpu_shares: -2
memory_limit_in_bytes: -2
memory_and_swap_limit_in_bytes: -2
memory_soft_limit_in_bytes: -2
memory_usage_in_bytes: -2
memory_max_usage_in_bytes: -2


CPU:total 2 (initial active 2) 

/proc/cpuinfo:
processor	: 0
vendor_id	: GenuineIntel
cpu family	: 6
model		: 44
model name	: Westmere E56xx/L56xx/X56xx (Nehalem-C)
stepping	: 1
microcode	: 0x1
cpu MHz		: 2394.454
cache size	: 16384 KB
physical id	: 0
siblings	: 2
core id		: 0
cpu cores	: 2
apicid		: 0
initial apicid	: 0
fpu		: yes
fpu_exception	: yes
cpuid level	: 11
wp		: yes
flags		: fpu vme de pse tsc msr pae mce cx8 apic sep mtrr pge mca cmov pat pse36 clflush mmx fxsr sse sse2 ht syscall nx lm constant_tsc rep_good nopl xtopology eagerfpu pni pclmulqdq ssse3 cx16 sse4_1 sse4_2 x2apic popcnt aes hypervisor lahf_lm arat
bogomips	: 4788.90
clflush size	: 64
cache_alignment	: 64
address sizes	: 40 bits physical, 48 bits virtual
power management:

processor	: 1
vendor_id	: GenuineIntel
cpu family	: 6
model		: 44
model name	: Westmere E56xx/L56xx/X56xx (Nehalem-C)
stepping	: 1
microcode	: 0x1
cpu MHz		: 2394.454
cache size	: 16384 KB
physical id	: 0
siblings	: 2
core id		: 1
cpu cores	: 2
apicid		: 1
initial apicid	: 1
fpu		: yes
fpu_exception	: yes
cpuid level	: 11
wp		: yes
flags		: fpu vme de pse tsc msr pae mce cx8 apic sep mtrr pge mca cmov pat pse36 clflush mmx fxsr sse sse2 ht syscall nx lm constant_tsc rep_good nopl xtopology eagerfpu pni pclmulqdq ssse3 cx16 sse4_1 sse4_2 x2apic popcnt aes hypervisor lahf_lm arat
bogomips	: 4788.90
clflush size	: 64
cache_alignment	: 64
address sizes	: 40 bits physical, 48 bits virtual
power management:



Memory: 4k page, physical 3880196k(1697132k free), swap 0k(0k free)

vm_info: OpenJDK 64-Bit Server VM (25.272-b10) for linux-amd64 JRE (1.8.0_272-b10), built on Nov  4 2020 21:49:13 by "mockbuild" with gcc 4.8.5 20150623 (Red Hat 4.8.5-44)

time: Thu Nov 12 20:05:07 2020
timezone: CET
elapsed time: 0.019967 seconds (0d 0h 0m 0s)

