#
# There is insufficient memory for the Java Runtime Environment to continue.
# Native memory allocation (mmap) failed to map 2555904 bytes for committing reserved memory.
# Possible reasons:
#   The system is out of physical RAM or swap space
#   The process is running with CompressedOops enabled, and the Java Heap may be blocking the growth of the native heap
# Possible solutions:
#   Reduce memory load on the system
#   Increase physical memory or swap space
#   Check if swap backing store is full
#   Decrease Java heap size (-Xmx/-Xms)
#   Decrease number of Java threads
#   Decrease Java thread stack sizes (-Xss)
#   Set larger code cache with -XX:ReservedCodeCacheSize=
#   JVM is running with Unscaled Compressed Oops mode in which the Java heap is
#     placed in the first 4GB address space. The Java Heap base address is the
#     maximum limit for the native heap growth. Please use -XX:HeapBaseMinAddress
#     to set the Java Heap base and to place the Java Heap above 4GB virtual address.
# This output file may be truncated or incomplete.
#
#  Out of Memory Error (os_linux.cpp:2798), pid=10390, tid=0x00007f8fdb6ed700
#
# JRE version:  (8.0_272-b10) (build )
# Java VM: OpenJDK 64-Bit Server VM (25.272-b10 mixed mode linux-amd64 compressed oops)
# Failed to write core dump. Core dumps have been disabled. To enable core dumping, try "ulimit -c unlimited" before starting Java again
#

---------------  T H R E A D  ---------------

Current thread (0x00007f8fd404b800):  JavaThread "Unknown thread" [_thread_in_vm, id=10392, stack(0x00007f8fdb5ee000,0x00007f8fdb6ee000)]

Stack: [0x00007f8fdb5ee000,0x00007f8fdb6ee000],  sp=0x00007f8fdb6ec850,  free space=1018k
Native frames: (J=compiled Java code, j=interpreted, Vv=VM code, C=native code)
V  [libjvm.so+0xb5bc0d]  VMError::report_and_die()+0x15d
V  [libjvm.so+0x50789a]  report_vm_out_of_memory(char const*, int, unsigned long, VMErrorType, char const*)+0xaa
V  [libjvm.so+0x93f848]  os::pd_commit_memory(char*, unsigned long, unsigned long, bool)+0xd8
V  [libjvm.so+0x9369ce]  os::commit_memory(char*, unsigned long, unsigned long, bool)+0x2e
V  [libjvm.so+0xb58814]  VirtualSpace::expand_by(unsigned long, bool)+0x1b4
V  [libjvm.so+0x61e6b0]  CodeHeap::reserve(unsigned long, unsigned long, unsigned long)+0x120
V  [libjvm.so+0x48e180]  codeCache_init()+0x80
V  [libjvm.so+0x64312b]  init_globals()+0x4b
V  [libjvm.so+0xb0704f]  Threads::create_vm(JavaVMInitArgs*, bool*)+0x29f
V  [libjvm.so+0x71540d]  JNI_CreateJavaVM+0x5d
C  [libjli.so+0x3093]  JavaMain+0xa3
C  [libpthread.so.0+0x7ea5]  start_thread+0xc5


---------------  P R O C E S S  ---------------

Java Threads: ( => current thread )

Other Threads:

=>0x00007f8fd404b800 (exited) JavaThread "Unknown thread" [_thread_in_vm, id=10392, stack(0x00007f8fdb5ee000,0x00007f8fdb6ee000)]

VM state:not at safepoint (not fully initialized)

VM Mutex/Monitor currently owned by a thread: None


[error occurred during error reporting (printing compressed oops mode, id 0xb]

Deoptimization events (0 events):
No events

Classes redefined (0 events):
No events

Internal exceptions (0 events):
No events

Events (0 events):
No events


Dynamic libraries:
564c25f33000-564c25f34000 r-xp 00000000 fd:02 7345662                    /usr/lib/jvm/java-1.8.0-openjdk-1.8.0.272.b10-1.el7_9.x86_64/jre/bin/java
564c26133000-564c26134000 r--p 00000000 fd:02 7345662                    /usr/lib/jvm/java-1.8.0-openjdk-1.8.0.272.b10-1.el7_9.x86_64/jre/bin/java
564c26134000-564c26135000 rw-p 00001000 fd:02 7345662                    /usr/lib/jvm/java-1.8.0-openjdk-1.8.0.272.b10-1.el7_9.x86_64/jre/bin/java
564c262b9000-564c262da000 rw-p 00000000 00:00 0                          [heap]
7f8fc5000000-7f8fd4000000 ---p 00000000 00:00 0 
7f8fd4000000-7f8fd4070000 rw-p 00000000 00:00 0 
7f8fd4070000-7f8fd8000000 ---p 00000000 00:00 0 
7f8fd82f5000-7f8fd85b2000 rw-p 00000000 00:00 0 
7f8fd85b2000-7f8fd85ba000 r-xp 00000000 fd:02 7476336                    /usr/lib/jvm/java-1.8.0-openjdk-1.8.0.272.b10-1.el7_9.x86_64/jre/lib/amd64/libzip.so
7f8fd85ba000-7f8fd87b9000 ---p 00008000 fd:02 7476336                    /usr/lib/jvm/java-1.8.0-openjdk-1.8.0.272.b10-1.el7_9.x86_64/jre/lib/amd64/libzip.so
7f8fd87b9000-7f8fd87ba000 r--p 00007000 fd:02 7476336                    /usr/lib/jvm/java-1.8.0-openjdk-1.8.0.272.b10-1.el7_9.x86_64/jre/lib/amd64/libzip.so
7f8fd87ba000-7f8fd87bb000 rw-p 00008000 fd:02 7476336                    /usr/lib/jvm/java-1.8.0-openjdk-1.8.0.272.b10-1.el7_9.x86_64/jre/lib/amd64/libzip.so
7f8fd87bb000-7f8fd87c7000 r-xp 00000000 fd:02 6685343                    /usr/lib64/libnss_files-2.17.so
7f8fd87c7000-7f8fd89c6000 ---p 0000c000 fd:02 6685343                    /usr/lib64/libnss_files-2.17.so
7f8fd89c6000-7f8fd89c7000 r--p 0000b000 fd:02 6685343                    /usr/lib64/libnss_files-2.17.so
7f8fd89c7000-7f8fd89c8000 rw-p 0000c000 fd:02 6685343                    /usr/lib64/libnss_files-2.17.so
7f8fd89c8000-7f8fd89ce000 rw-p 00000000 00:00 0 
7f8fd89ce000-7f8fd89f8000 r-xp 00000000 fd:02 7475188                    /usr/lib/jvm/java-1.8.0-openjdk-1.8.0.272.b10-1.el7_9.x86_64/jre/lib/amd64/libjava.so
7f8fd89f8000-7f8fd8bf7000 ---p 0002a000 fd:02 7475188                    /usr/lib/jvm/java-1.8.0-openjdk-1.8.0.272.b10-1.el7_9.x86_64/jre/lib/amd64/libjava.so
7f8fd8bf7000-7f8fd8bf8000 r--p 00029000 fd:02 7475188                    /usr/lib/jvm/java-1.8.0-openjdk-1.8.0.272.b10-1.el7_9.x86_64/jre/lib/amd64/libjava.so
7f8fd8bf8000-7f8fd8bfa000 rw-p 0002a000 fd:02 7475188                    /usr/lib/jvm/java-1.8.0-openjdk-1.8.0.272.b10-1.el7_9.x86_64/jre/lib/amd64/libjava.so
7f8fd8bfa000-7f8fd8c07000 r-xp 00000000 fd:02 7476274                    /usr/lib/jvm/java-1.8.0-openjdk-1.8.0.272.b10-1.el7_9.x86_64/jre/lib/amd64/libverify.so
7f8fd8c07000-7f8fd8e06000 ---p 0000d000 fd:02 7476274                    /usr/lib/jvm/java-1.8.0-openjdk-1.8.0.272.b10-1.el7_9.x86_64/jre/lib/amd64/libverify.so
7f8fd8e06000-7f8fd8e08000 r--p 0000c000 fd:02 7476274                    /usr/lib/jvm/java-1.8.0-openjdk-1.8.0.272.b10-1.el7_9.x86_64/jre/lib/amd64/libverify.so
7f8fd8e08000-7f8fd8e09000 rw-p 0000e000 fd:02 7476274                    /usr/lib/jvm/java-1.8.0-openjdk-1.8.0.272.b10-1.el7_9.x86_64/jre/lib/amd64/libverify.so
7f8fd8e09000-7f8fd8e10000 r-xp 00000000 fd:02 6685355                    /usr/lib64/librt-2.17.so
7f8fd8e10000-7f8fd900f000 ---p 00007000 fd:02 6685355                    /usr/lib64/librt-2.17.so
7f8fd900f000-7f8fd9010000 r--p 00006000 fd:02 6685355                    /usr/lib64/librt-2.17.so
7f8fd9010000-7f8fd9011000 rw-p 00007000 fd:02 6685355                    /usr/lib64/librt-2.17.so
7f8fd9011000-7f8fd9026000 r-xp 00000000 fd:02 6684691                    /usr/lib64/libgcc_s-4.8.5-20150702.so.1
7f8fd9026000-7f8fd9225000 ---p 00015000 fd:02 6684691                    /usr/lib64/libgcc_s-4.8.5-20150702.so.1
7f8fd9225000-7f8fd9226000 r--p 00014000 fd:02 6684691                    /usr/lib64/libgcc_s-4.8.5-20150702.so.1
7f8fd9226000-7f8fd9227000 rw-p 00015000 fd:02 6684691                    /usr/lib64/libgcc_s-4.8.5-20150702.so.1
7f8fd9227000-7f8fd9328000 r-xp 00000000 fd:02 6685333                    /usr/lib64/libm-2.17.so
7f8fd9328000-7f8fd9527000 ---p 00101000 fd:02 6685333                    /usr/lib64/libm-2.17.so
7f8fd9527000-7f8fd9528000 r--p 00100000 fd:02 6685333                    /usr/lib64/libm-2.17.so
7f8fd9528000-7f8fd9529000 rw-p 00101000 fd:02 6685333                    /usr/lib64/libm-2.17.so
7f8fd9529000-7f8fd9612000 r-xp 00000000 fd:02 6685370                    /usr/lib64/libstdc++.so.6.0.19
7f8fd9612000-7f8fd9811000 ---p 000e9000 fd:02 6685370                    /usr/lib64/libstdc++.so.6.0.19
7f8fd9811000-7f8fd9819000 r--p 000e8000 fd:02 6685370                    /usr/lib64/libstdc++.so.6.0.19
7f8fd9819000-7f8fd981b000 rw-p 000f0000 fd:02 6685370                    /usr/lib64/libstdc++.so.6.0.19
7f8fd981b000-7f8fd9830000 rw-p 00000000 00:00 0 
7f8fd9830000-7f8fda5c1000 r-xp 00000000 fd:02 8131891                    /usr/lib/jvm/java-1.8.0-openjdk-1.8.0.272.b10-1.el7_9.x86_64/jre/lib/amd64/server/libjvm.so
7f8fda5c1000-7f8fda7c1000 ---p 00d91000 fd:02 8131891                    /usr/lib/jvm/java-1.8.0-openjdk-1.8.0.272.b10-1.el7_9.x86_64/jre/lib/amd64/server/libjvm.so
7f8fda7c1000-7f8fda86e000 r--p 00d91000 fd:02 8131891                    /usr/lib/jvm/java-1.8.0-openjdk-1.8.0.272.b10-1.el7_9.x86_64/jre/lib/amd64/server/libjvm.so
7f8fda86e000-7f8fda899000 rw-p 00e3e000 fd:02 8131891                    /usr/lib/jvm/java-1.8.0-openjdk-1.8.0.272.b10-1.el7_9.x86_64/jre/lib/amd64/server/libjvm.so
7f8fda899000-7f8fda8cf000 rw-p 00000000 00:00 0 
7f8fda8cf000-7f8fdaa92000 r-xp 00000000 fd:02 6685325                    /usr/lib64/libc-2.17.so
7f8fdaa92000-7f8fdac92000 ---p 001c3000 fd:02 6685325                    /usr/lib64/libc-2.17.so
7f8fdac92000-7f8fdac96000 r--p 001c3000 fd:02 6685325                    /usr/lib64/libc-2.17.so
7f8fdac96000-7f8fdac98000 rw-p 001c7000 fd:02 6685325                    /usr/lib64/libc-2.17.so
7f8fdac98000-7f8fdac9d000 rw-p 00000000 00:00 0 
7f8fdac9d000-7f8fdac9f000 r-xp 00000000 fd:02 6685331                    /usr/lib64/libdl-2.17.so
7f8fdac9f000-7f8fdae9f000 ---p 00002000 fd:02 6685331                    /usr/lib64/libdl-2.17.so
7f8fdae9f000-7f8fdaea0000 r--p 00002000 fd:02 6685331                    /usr/lib64/libdl-2.17.so
7f8fdaea0000-7f8fdaea1000 rw-p 00003000 fd:02 6685331                    /usr/lib64/libdl-2.17.so
7f8fdaea1000-7f8fdaeaf000 r-xp 00000000 fd:02 7737457                    /usr/lib/jvm/java-1.8.0-openjdk-1.8.0.272.b10-1.el7_9.x86_64/jre/lib/amd64/jli/libjli.so
7f8fdaeaf000-7f8fdb0ae000 ---p 0000e000 fd:02 7737457                    /usr/lib/jvm/java-1.8.0-openjdk-1.8.0.272.b10-1.el7_9.x86_64/jre/lib/amd64/jli/libjli.so
7f8fdb0ae000-7f8fdb0af000 r--p 0000d000 fd:02 7737457                    /usr/lib/jvm/java-1.8.0-openjdk-1.8.0.272.b10-1.el7_9.x86_64/jre/lib/amd64/jli/libjli.so
7f8fdb0af000-7f8fdb0b0000 rw-p 0000e000 fd:02 7737457                    /usr/lib/jvm/java-1.8.0-openjdk-1.8.0.272.b10-1.el7_9.x86_64/jre/lib/amd64/jli/libjli.so
7f8fdb0b0000-7f8fdb0c5000 r-xp 00000000 fd:02 6685515                    /usr/lib64/libz.so.1.2.7
7f8fdb0c5000-7f8fdb2c4000 ---p 00015000 fd:02 6685515                    /usr/lib64/libz.so.1.2.7
7f8fdb2c4000-7f8fdb2c5000 r--p 00014000 fd:02 6685515                    /usr/lib64/libz.so.1.2.7
7f8fdb2c5000-7f8fdb2c6000 rw-p 00015000 fd:02 6685515                    /usr/lib64/libz.so.1.2.7
7f8fdb2c6000-7f8fdb2dd000 r-xp 00000000 fd:02 6685351                    /usr/lib64/libpthread-2.17.so
7f8fdb2dd000-7f8fdb4dc000 ---p 00017000 fd:02 6685351                    /usr/lib64/libpthread-2.17.so
7f8fdb4dc000-7f8fdb4dd000 r--p 00016000 fd:02 6685351                    /usr/lib64/libpthread-2.17.so
7f8fdb4dd000-7f8fdb4de000 rw-p 00017000 fd:02 6685351                    /usr/lib64/libpthread-2.17.so
7f8fdb4de000-7f8fdb4e2000 rw-p 00000000 00:00 0 
7f8fdb4e2000-7f8fdb504000 r-xp 00000000 fd:02 6685313                    /usr/lib64/ld-2.17.so
7f8fdb5ed000-7f8fdb5f1000 ---p 00000000 00:00 0 
7f8fdb5f1000-7f8fdb6f3000 rw-p 00000000 00:00 0 
7f8fdb6f5000-7f8fdb6f8000 rw-p 00000000 00:00 0 
7f8fdb6f8000-7f8fdb700000 rw-s 00000000 fd:02 6291581                    /tmp/hsperfdata_apache/10390
7f8fdb700000-7f8fdb701000 rw-p 00000000 00:00 0 
7f8fdb701000-7f8fdb702000 r--p 00000000 00:00 0 
7f8fdb702000-7f8fdb703000 rw-p 00000000 00:00 0 
7f8fdb703000-7f8fdb704000 r--p 00021000 fd:02 6685313                    /usr/lib64/ld-2.17.so
7f8fdb704000-7f8fdb705000 rw-p 00022000 fd:02 6685313                    /usr/lib64/ld-2.17.so
7f8fdb705000-7f8fdb706000 rw-p 00000000 00:00 0 
7fffbaa38000-7fffbaa59000 rw-p 00000000 00:00 0                          [stack]
7fffbaafc000-7fffbaafe000 r-xp 00000000 00:00 0                          [vdso]
ffffffffff600000-ffffffffff601000 r-xp 00000000 00:00 0                  [vsyscall]

VM Arguments:
java_command: JREProperties noaccessibility
java_class_path (initial): /usr/lib64/libreoffice/program
Launcher Type: SUN_STANDARD

Environment Variables:
PATH=/usr/local/sbin:/usr/local/bin:/usr/sbin:/usr/bin

Signal Handlers:
SIGSEGV: [libjvm.so+0xb5c6c0], sa_mask[0]=11111111011111111101111111111110, sa_flags=SA_RESTART|SA_SIGINFO
SIGBUS: [libjvm.so+0xb5c6c0], sa_mask[0]=11111111011111111101111111111110, sa_flags=SA_RESTART|SA_SIGINFO
SIGFPE: [libjvm.so+0x93aa10], sa_mask[0]=11111111011111111101111111111110, sa_flags=SA_RESTART|SA_SIGINFO
SIGPIPE: [libjvm.so+0x93aa10], sa_mask[0]=11111111011111111101111111111110, sa_flags=SA_RESTART|SA_SIGINFO
SIGXFSZ: [libjvm.so+0x93aa10], sa_mask[0]=11111111011111111101111111111110, sa_flags=SA_RESTART|SA_SIGINFO
SIGILL: [libjvm.so+0x93aa10], sa_mask[0]=11111111011111111101111111111110, sa_flags=SA_RESTART|SA_SIGINFO
SIGUSR1: SIG_DFL, sa_mask[0]=00000000000000000000000000000000, sa_flags=none
SIGUSR2: [libjvm.so+0x93a8c0], sa_mask[0]=00000000000000000000000000000000, sa_flags=SA_RESTART|SA_SIGINFO
SIGHUP: SIG_DFL, sa_mask[0]=00000000000000000000000000000000, sa_flags=none
SIGINT: SIG_DFL, sa_mask[0]=00000000000000000000000000000000, sa_flags=none
SIGTERM: SIG_DFL, sa_mask[0]=00000000000000000000000000000000, sa_flags=none
SIGQUIT: SIG_DFL, sa_mask[0]=00000000000000000000000000000000, sa_flags=none


---------------  S Y S T E M  ---------------

OS:CentOS Linux release 7.8.2003 (Core)

uname:Linux 3.10.0-1127.el7.x86_64 #1 SMP Tue Mar 31 23:36:51 UTC 2020 x86_64
libc:glibc 2.17 NPTL 2.17 
rlimit: STACK 8192k, CORE 0k, NPROC 15074, NOFILE 4096, AS infinity
load average:0.11 0.10 0.07

/proc/meminfo:
MemTotal:        3880196 kB
MemFree:         1581572 kB
MemAvailable:    2647972 kB
Buffers:          139844 kB
Cached:          1183236 kB
SwapCached:            0 kB
Active:          1364056 kB
Inactive:         611484 kB
Active(anon):     746828 kB
Inactive(anon):    92652 kB
Active(file):     617228 kB
Inactive(file):   518832 kB
Unevictable:           0 kB
Mlocked:               0 kB
SwapTotal:             0 kB
SwapFree:              0 kB
Dirty:               252 kB
Writeback:             0 kB
AnonPages:        654592 kB
Mapped:            52412 kB
Shmem:            186988 kB
Slab:             258952 kB
SReclaimable:     219468 kB
SUnreclaim:        39484 kB
KernelStack:        2672 kB
PageTables:        20112 kB
NFS_Unstable:          0 kB
Bounce:                0 kB
WritebackTmp:          0 kB
CommitLimit:     1940096 kB
Committed_AS:    1354332 kB
VmallocTotal:   34359738367 kB
VmallocUsed:       29332 kB
VmallocChunk:   34359664848 kB
Percpu:              504 kB
HardwareCorrupted:     0 kB
AnonHugePages:    346112 kB
CmaTotal:              0 kB
CmaFree:               0 kB
HugePages_Total:       0
HugePages_Free:        0
HugePages_Rsvd:        0
HugePages_Surp:        0
Hugepagesize:       2048 kB
DirectMap4k:       81776 kB
DirectMap2M:     4112384 kB

container (cgroup) information:
container_type: cgroupv1
cpu_cpuset_cpus: failed
cpu_memory_nodes: failed
active_processor_count: 2
cpu_quota: -2
cpu_period: -2
cpu_shares: -2
memory_limit_in_bytes: -2
memory_and_swap_limit_in_bytes: -2
memory_soft_limit_in_bytes: -2
memory_usage_in_bytes: -2
memory_max_usage_in_bytes: -2


CPU:total 2 (initial active 2) 

/proc/cpuinfo:
processor	: 0
vendor_id	: GenuineIntel
cpu family	: 6
model		: 44
model name	: Westmere E56xx/L56xx/X56xx (Nehalem-C)
stepping	: 1
microcode	: 0x1
cpu MHz		: 2394.454
cache size	: 16384 KB
physical id	: 0
siblings	: 2
core id		: 0
cpu cores	: 2
apicid		: 0
initial apicid	: 0
fpu		: yes
fpu_exception	: yes
cpuid level	: 11
wp		: yes
flags		: fpu vme de pse tsc msr pae mce cx8 apic sep mtrr pge mca cmov pat pse36 clflush mmx fxsr sse sse2 ht syscall nx lm constant_tsc rep_good nopl xtopology eagerfpu pni pclmulqdq ssse3 cx16 sse4_1 sse4_2 x2apic popcnt aes hypervisor lahf_lm arat
bogomips	: 4788.90
clflush size	: 64
cache_alignment	: 64
address sizes	: 40 bits physical, 48 bits virtual
power management:

processor	: 1
vendor_id	: GenuineIntel
cpu family	: 6
model		: 44
model name	: Westmere E56xx/L56xx/X56xx (Nehalem-C)
stepping	: 1
microcode	: 0x1
cpu MHz		: 2394.454
cache size	: 16384 KB
physical id	: 0
siblings	: 2
core id		: 1
cpu cores	: 2
apicid		: 1
initial apicid	: 1
fpu		: yes
fpu_exception	: yes
cpuid level	: 11
wp		: yes
flags		: fpu vme de pse tsc msr pae mce cx8 apic sep mtrr pge mca cmov pat pse36 clflush mmx fxsr sse sse2 ht syscall nx lm constant_tsc rep_good nopl xtopology eagerfpu pni pclmulqdq ssse3 cx16 sse4_1 sse4_2 x2apic popcnt aes hypervisor lahf_lm arat
bogomips	: 4788.90
clflush size	: 64
cache_alignment	: 64
address sizes	: 40 bits physical, 48 bits virtual
power management:



Memory: 4k page, physical 3880196k(1581572k free), swap 0k(0k free)

vm_info: OpenJDK 64-Bit Server VM (25.272-b10) for linux-amd64 JRE (1.8.0_272-b10), built on Nov  4 2020 21:49:13 by "mockbuild" with gcc 4.8.5 20150623 (Red Hat 4.8.5-44)

time: Thu Nov 12 19:46:55 2020
timezone: CET
elapsed time: 0.010523 seconds (0d 0h 0m 0s)

